#
# There is insufficient memory for the Java Runtime Environment to continue.
# Native memory allocation (malloc) failed to allocate 104656 bytes for Chunk::new
# Possible reasons:
#   The system is out of physical RAM or swap space
#   In 32 bit mode, the process size limit was hit
# Possible solutions:
#   Reduce memory load on the system
#   Increase physical memory or swap space
#   Check if swap backing store is full
#   Use 64 bit Java on a 64 bit OS
#   Decrease Java heap size (-Xmx/-Xms)
#   Decrease number of Java threads
#   Decrease Java thread stack sizes (-Xss)
#   Set larger code cache with -XX:ReservedCodeCacheSize=
# This output file may be truncated or incomplete.
#
#  Out of Memory Error (allocation.cpp:390), pid=2648, tid=0x00000000000055b8
#
# JRE version: OpenJDK Runtime Environment (8.0_152-b06) (build 1.8.0_152-release-1136-b06)
# Java VM: OpenJDK 64-Bit Server VM (25.152-b06 mixed mode windows-amd64 compressed oops)
# Failed to write core dump. Minidumps are not enabled by default on client versions of Windows
#

---------------  T H R E A D  ---------------

Current thread (0x00000000191b2000):  JavaThread "C2 CompilerThread0" daemon [_thread_in_native, id=21944, stack(0x0000000019820000,0x0000000019920000)]

Stack: [0x0000000019820000,0x0000000019920000]
[error occurred during error reporting (printing stack bounds), id 0xc0000005]

Native frames: (J=compiled Java code, j=interpreted, Vv=VM code, C=native code)


Current CompileTask:
C2:  65846 6413       4       java.lang.String::toLowerCase (439 bytes)


---------------  P R O C E S S  ---------------

Java Threads: ( => current thread )
  0x000000002082b000 JavaThread "Build operations Thread 8" [_thread_blocked, id=6876, stack(0x0000000022c00000,0x0000000022d00000)]
  0x0000000020822000 JavaThread "Build operations Thread 7" [_thread_blocked, id=21388, stack(0x0000000022b00000,0x0000000022c00000)]
  0x0000000020829000 JavaThread "Build operations Thread 6" [_thread_blocked, id=21200, stack(0x0000000022a00000,0x0000000022b00000)]
  0x0000000020827800 JavaThread "Build operations Thread 5" [_thread_blocked, id=18840, stack(0x00000000214d0000,0x00000000215d0000)]
  0x0000000020823000 JavaThread "Build operations Thread 4" [_thread_blocked, id=16700, stack(0x0000000021190000,0x0000000021290000)]
  0x0000000020828000 JavaThread "Build operations Thread 3" [_thread_blocked, id=8432, stack(0x0000000021090000,0x0000000021190000)]
  0x0000000020826800 JavaThread "Build operations Thread 2" [_thread_blocked, id=8984, stack(0x000000001d7d0000,0x000000001d8d0000)]
  0x0000000020825000 JavaThread "Build operations" [_thread_blocked, id=21064, stack(0x000000001c200000,0x000000001c300000)]
  0x0000000020826000 JavaThread "Cache worker for Artifact transforms cache (C:\Users\Administrator\.gradle\caches\transforms-1)" [_thread_blocked, id=16904, stack(0x000000001c100000,0x000000001c200000)]
  0x000000002081e800 JavaThread "Cache worker for file hash cache (D:\HW-MateXPro\IoTAppDev\PROJ\T11\2\SmartFactory\.gradle\4.6\fileHashes)" [_thread_blocked, id=12600, stack(0x000000001bf00000,0x000000001c000000)]
  0x000000002081f000 JavaThread "Stdin handler" [_thread_blocked, id=8044, stack(0x000000001bc00000,0x000000001bd00000)]
  0x0000000020821800 JavaThread "Asynchronous log dispatcher for DefaultDaemonConnection: socket connection from /127.0.0.1:58772 to /127.0.0.1:58831" [_thread_blocked, id=21384, stack(0x00000000014e0000,0x00000000015e0000)]
  0x0000000020820800 JavaThread "Cancel handler" [_thread_blocked, id=20372, stack(0x00000000013e0000,0x00000000014e0000)]
  0x0000000020823800 JavaThread "Handler for socket connection from /127.0.0.1:58772 to /127.0.0.1:58831" [_thread_in_native, id=22060, stack(0x00000000012e0000,0x00000000013e0000)]
  0x0000000020820000 JavaThread "pool-1-thread-1" [_thread_blocked, id=648, stack(0x0000000023f00000,0x0000000024000000)]
  0x0000000020824800 JavaThread "Memory manager" [_thread_blocked, id=14084, stack(0x0000000023400000,0x0000000023500000)]
  0x000000001b36d000 JavaThread "File lock request listener" [_thread_in_native, id=8184, stack(0x000000001c700000,0x000000001c800000)]
  0x000000001b128000 JavaThread "Cache worker for file hash cache (C:\Users\Administrator\.gradle\caches\4.6\fileHashes)" [_thread_blocked, id=5188, stack(0x000000001c600000,0x000000001c700000)]
  0x000000001b0d9000 JavaThread "Daemon worker" [_thread_in_native, id=12504, stack(0x000000001c000000,0x000000001c100000)]
  0x000000001afc2000 JavaThread "Daemon" [_thread_blocked, id=17380, stack(0x000000001bb00000,0x000000001bc00000)]
  0x000000001ad9e000 JavaThread "Daemon periodic checks" [_thread_blocked, id=6976, stack(0x000000001ba00000,0x000000001bb00000)]
  0x000000001ad9c800 JavaThread "Incoming local TCP Connector on port 58772" [_thread_in_native, id=13124, stack(0x000000001b850000,0x000000001b950000)]
  0x0000000019252000 JavaThread "Service Thread" daemon [_thread_blocked, id=7732, stack(0x0000000019c20000,0x0000000019d20000)]
  0x00000000191bd800 JavaThread "C1 CompilerThread3" daemon [_thread_in_vm, id=12228, stack(0x0000000019b20000,0x0000000019c20000)]
  0x00000000191b8800 JavaThread "C2 CompilerThread2" daemon [_thread_in_native, id=7360, stack(0x0000000019a20000,0x0000000019b20000)]
  0x00000000191b5800 JavaThread "C2 CompilerThread1" daemon [_thread_in_native, id=15612, stack(0x0000000019920000,0x0000000019a20000)]
=>0x00000000191b2000 JavaThread "C2 CompilerThread0" daemon [_thread_in_native, id=21944, stack(0x0000000019820000,0x0000000019920000)]
  0x00000000191b1000 JavaThread "Attach Listener" daemon [_thread_blocked, id=7644, stack(0x0000000019720000,0x0000000019820000)]
  0x0000000019146800 JavaThread "Signal Dispatcher" daemon [_thread_blocked, id=22008, stack(0x0000000019620000,0x0000000019720000)]
  0x0000000003499000 JavaThread "Finalizer" daemon [_thread_blocked, id=18948, stack(0x0000000019520000,0x0000000019620000)]
  0x000000001725b800 JavaThread "Reference Handler" daemon [_thread_blocked, id=21016, stack(0x0000000019020000,0x0000000019120000)]
  0x00000000033a2800 JavaThread "main" [_thread_blocked, id=13476, stack(0x00000000032a0000,0x00000000033a0000)]

Other Threads:
  0x0000000017255800 VMThread [stack: 0x0000000018f20000,0x0000000019020000] [id=14752]
  0x0000000019253000 WatcherThread [stack: 0x0000000019d20000,0x0000000019e20000] [id=12368]

VM state:not at safepoint (normal execution)

VM Mutex/Monitor currently owned by a thread: None

Heap:
 PSYoungGen      total 137728K, used 55260K [0x00000000e0000000, 0x00000000eae80000, 0x0000000100000000)
  eden space 122880K, 44% used [0x00000000e0000000,0x00000000e35f7340,0x00000000e7800000)
  from space 14848K, 0% used [0x00000000e8b00000,0x00000000e8b00000,0x00000000e9980000)
  to   space 19456K, 0% used [0x00000000e7800000,0x00000000e7800000,0x00000000e8b00000)
 ParOldGen       total 146944K, used 35994K [0x00000000a0000000, 0x00000000a8f80000, 0x00000000e0000000)
  object space 146944K, 24% used [0x00000000a0000000,0x00000000a2326898,0x00000000a8f80000)
 Metaspace       used 61219K, capacity 63170K, committed 63232K, reserved 1103872K
  class space    used 8181K, capacity 8690K, committed 8704K, reserved 1048576K

Card table byte_map: [0x0000000012860000,0x0000000012b70000] byte_map_base: 0x0000000012360000

Marking Bits: (ParMarkBitMap*) 0x000000005ffd5aa0
 Begin Bits: [0x0000000013570000, 0x0000000014d70000)
 End Bits:   [0x0000000014d70000, 0x0000000016570000)

Polling page: 0x0000000001670000

CodeCache: size=245760Kb used=18739Kb max_used=19263Kb free=227020Kb
 bounds [0x00000000034a0000, 0x00000000047b0000, 0x00000000124a0000]
 total_blobs=6362 nmethods=5552 adapters=722
 compilation: enabled

Compilation events (10 events):
Event: 65.806 Thread 0x00000000191bd800 nmethod 6408 0x00000000036d7290 code [0x00000000036d7400, 0x00000000036d75c8]
Event: 65.807 Thread 0x00000000191bd800 6411       3       org.gradle.api.internal.artifacts.transform.AttributeMatchingVariantSelector::doSelect (374 bytes)
Event: 65.808 Thread 0x00000000191b2000 6413       4       java.lang.String::toLowerCase (439 bytes)
Event: 65.810 Thread 0x00000000191bd800 nmethod 6411 0x0000000004278dd0 code [0x0000000004279360, 0x000000000427d1d8]
Event: 65.811 Thread 0x00000000191bd800 6409       3       org.gradle.api.internal.attributes.DefaultAttributesSchema$DefaultAttributeMatcher::matches (8 bytes)
Event: 65.811 Thread 0x00000000191bd800 nmethod 6409 0x0000000004278910 code [0x0000000004278a80, 0x0000000004278c88]
Event: 65.811 Thread 0x00000000191bd800 6410       3       org.gradle.api.internal.artifacts.ivyservice.resolveengine.artifact.ArtifactBackedResolvedVariant::getAttributes (5 bytes)
Event: 65.811 Thread 0x00000000191bd800 nmethod 6410 0x00000000037a3410 code [0x00000000037a3560, 0x00000000037a36d0]
Event: 65.811 Thread 0x00000000191bd800 6412       1       org.gradle.api.internal.artifacts.ivyservice.ResolvedFilesCollectingVisitor::requireArtifactFiles (2 bytes)
Event: 65.811 Thread 0x00000000191bd800 nmethod 6412 0x0000000003e99650 code [0x0000000003e997a0, 0x0000000003e998b0]

GC Heap History (10 events):
Event: 7.459 GC heap before
{Heap before GC invocations=11 (full 2):
 PSYoungGen      total 95232K, used 7407K [0x00000000e0000000, 0x00000000e8780000, 0x0000000100000000)
  eden space 83968K, 0% used [0x00000000e0000000,0x00000000e0000000,0x00000000e5200000)
  from space 11264K, 65% used [0x00000000e5200000,0x00000000e593bfd8,0x00000000e5d00000)
  to   space 10752K, 0% used [0x00000000e7d00000,0x00000000e7d00000,0x00000000e8780000)
 ParOldGen       total 58368K, used 10366K [0x00000000a0000000, 0x00000000a3900000, 0x00000000e0000000)
  object space 58368K, 17% used [0x00000000a0000000,0x00000000a0a1f888,0x00000000a3900000)
 Metaspace       used 34518K, capacity 35270K, committed 35416K, reserved 1079296K
  class space    used 4793K, capacity 5053K, committed 5120K, reserved 1048576K
Event: 7.520 GC heap after
Heap after GC invocations=11 (full 2):
 PSYoungGen      total 95232K, used 0K [0x00000000e0000000, 0x00000000e8780000, 0x0000000100000000)
  eden space 83968K, 0% used [0x00000000e0000000,0x00000000e0000000,0x00000000e5200000)
  from space 11264K, 0% used [0x00000000e5200000,0x00000000e5200000,0x00000000e5d00000)
  to   space 10752K, 0% used [0x00000000e7d00000,0x00000000e7d00000,0x00000000e8780000)
 ParOldGen       total 92160K, used 15793K [0x00000000a0000000, 0x00000000a5a00000, 0x00000000e0000000)
  object space 92160K, 17% used [0x00000000a0000000,0x00000000a0f6c458,0x00000000a5a00000)
 Metaspace       used 34518K, capacity 35270K, committed 35416K, reserved 1079296K
  class space    used 4793K, capacity 5053K, committed 5120K, reserved 1048576K
}
Event: 8.230 GC heap before
{Heap before GC invocations=12 (full 2):
 PSYoungGen      total 95232K, used 83968K [0x00000000e0000000, 0x00000000e8780000, 0x0000000100000000)
  eden space 83968K, 100% used [0x00000000e0000000,0x00000000e5200000,0x00000000e5200000)
  from space 11264K, 0% used [0x00000000e5200000,0x00000000e5200000,0x00000000e5d00000)
  to   space 10752K, 0% used [0x00000000e7d00000,0x00000000e7d00000,0x00000000e8780000)
 ParOldGen       total 92160K, used 15793K [0x00000000a0000000, 0x00000000a5a00000, 0x00000000e0000000)
  object space 92160K, 17% used [0x00000000a0000000,0x00000000a0f6c458,0x00000000a5a00000)
 Metaspace       used 39813K, capacity 40768K, committed 41088K, reserved 1085440K
  class space    used 5424K, capacity 5726K, committed 5760K, reserved 1048576K
Event: 8.236 GC heap after
Heap after GC invocations=12 (full 2):
 PSYoungGen      total 113152K, used 8876K [0x00000000e0000000, 0x00000000e8600000, 0x0000000100000000)
  eden space 103936K, 0% used [0x00000000e0000000,0x00000000e0000000,0x00000000e6580000)
  from space 9216K, 96% used [0x00000000e7d00000,0x00000000e85ab0d0,0x00000000e8600000)
  to   space 11264K, 0% used [0x00000000e7000000,0x00000000e7000000,0x00000000e7b00000)
 ParOldGen       total 92160K, used 15801K [0x00000000a0000000, 0x00000000a5a00000, 0x00000000e0000000)
  object space 92160K, 17% used [0x00000000a0000000,0x00000000a0f6e458,0x00000000a5a00000)
 Metaspace       used 39813K, capacity 40768K, committed 41088K, reserved 1085440K
  class space    used 5424K, capacity 5726K, committed 5760K, reserved 1048576K
}
Event: 9.663 GC heap before
{Heap before GC invocations=13 (full 2):
 PSYoungGen      total 113152K, used 112812K [0x00000000e0000000, 0x00000000e8600000, 0x0000000100000000)
  eden space 103936K, 100% used [0x00000000e0000000,0x00000000e6580000,0x00000000e6580000)
  from space 9216K, 96% used [0x00000000e7d00000,0x00000000e85ab0d0,0x00000000e8600000)
  to   space 11264K, 0% used [0x00000000e7000000,0x00000000e7000000,0x00000000e7b00000)
 ParOldGen       total 92160K, used 15801K [0x00000000a0000000, 0x00000000a5a00000, 0x00000000e0000000)
  object space 92160K, 17% used [0x00000000a0000000,0x00000000a0f6e458,0x00000000a5a00000)
 Metaspace       used 49729K, capacity 51032K, committed 51200K, reserved 1093632K
  class space    used 6673K, capacity 7047K, committed 7168K, reserved 1048576K
Event: 9.675 GC heap after
Heap after GC invocations=13 (full 2):
 PSYoungGen      total 125952K, used 11248K [0x00000000e0000000, 0x00000000e9980000, 0x0000000100000000)
  eden space 114688K, 0% used [0x00000000e0000000,0x00000000e0000000,0x00000000e7000000)
  from space 11264K, 99% used [0x00000000e7000000,0x00000000e7afc0f0,0x00000000e7b00000)
  to   space 14848K, 0% used [0x00000000e8b00000,0x00000000e8b00000,0x00000000e9980000)
 ParOldGen       total 92160K, used 21858K [0x00000000a0000000, 0x00000000a5a00000, 0x00000000e0000000)
  object space 92160K, 23% used [0x00000000a0000000,0x00000000a1558ad8,0x00000000a5a00000)
 Metaspace       used 49729K, capacity 51032K, committed 51200K, reserved 1093632K
  class space    used 6673K, capacity 7047K, committed 7168K, reserved 1048576K
}
Event: 11.798 GC heap before
{Heap before GC invocations=14 (full 2):
 PSYoungGen      total 125952K, used 111657K [0x00000000e0000000, 0x00000000e9980000, 0x0000000100000000)
  eden space 114688K, 87% used [0x00000000e0000000,0x00000000e620e5b8,0x00000000e7000000)
  from space 11264K, 99% used [0x00000000e7000000,0x00000000e7afc0f0,0x00000000e7b00000)
  to   space 14848K, 0% used [0x00000000e8b00000,0x00000000e8b00000,0x00000000e9980000)
 ParOldGen       total 92160K, used 21858K [0x00000000a0000000, 0x00000000a5a00000, 0x00000000e0000000)
  object space 92160K, 23% used [0x00000000a0000000,0x00000000a1558ad8,0x00000000a5a00000)
 Metaspace       used 57058K, capacity 58892K, committed 59008K, reserved 1099776K
  class space    used 7817K, capacity 8291K, committed 8320K, reserved 1048576K
Event: 11.815 GC heap after
Heap after GC invocations=14 (full 2):
 PSYoungGen      total 137728K, used 14847K [0x00000000e0000000, 0x00000000eae80000, 0x0000000100000000)
  eden space 122880K, 0% used [0x00000000e0000000,0x00000000e0000000,0x00000000e7800000)
  from space 14848K, 99% used [0x00000000e8b00000,0x00000000e997fd80,0x00000000e9980000)
  to   space 19456K, 0% used [0x00000000e7800000,0x00000000e7800000,0x00000000e8b00000)
 ParOldGen       total 92160K, used 29767K [0x00000000a0000000, 0x00000000a5a00000, 0x00000000e0000000)
  object space 92160K, 32% used [0x00000000a0000000,0x00000000a1d11ca0,0x00000000a5a00000)
 Metaspace       used 57058K, capacity 58892K, committed 59008K, reserved 1099776K
  class space    used 7817K, capacity 8291K, committed 8320K, reserved 1048576K
}
Event: 11.815 GC heap before
{Heap before GC invocations=15 (full 3):
 PSYoungGen      total 137728K, used 14847K [0x00000000e0000000, 0x00000000eae80000, 0x0000000100000000)
  eden space 122880K, 0% used [0x00000000e0000000,0x00000000e0000000,0x00000000e7800000)
  from space 14848K, 99% used [0x00000000e8b00000,0x00000000e997fd80,0x00000000e9980000)
  to   space 19456K, 0% used [0x00000000e7800000,0x00000000e7800000,0x00000000e8b00000)
 ParOldGen       total 92160K, used 29767K [0x00000000a0000000, 0x00000000a5a00000, 0x00000000e0000000)
  object space 92160K, 32% used [0x00000000a0000000,0x00000000a1d11ca0,0x00000000a5a00000)
 Metaspace       used 57058K, capacity 58892K, committed 59008K, reserved 1099776K
  class space    used 7817K, capacity 8291K, committed 8320K, reserved 1048576K
Event: 12.012 GC heap after
Heap after GC invocations=15 (full 3):
 PSYoungGen      total 137728K, used 0K [0x00000000e0000000, 0x00000000eae80000, 0x0000000100000000)
  eden space 122880K, 0% used [0x00000000e0000000,0x00000000e0000000,0x00000000e7800000)
  from space 14848K, 0% used [0x00000000e8b00000,0x00000000e8b00000,0x00000000e9980000)
  to   space 19456K, 0% used [0x00000000e7800000,0x00000000e7800000,0x00000000e8b00000)
 ParOldGen       total 146944K, used 35994K [0x00000000a0000000, 0x00000000a8f80000, 0x00000000e0000000)
  object space 146944K, 24% used [0x00000000a0000000,0x00000000a2326898,0x00000000a8f80000)
 Metaspace       used 57058K, capacity 58892K, committed 59008K, reserved 1099776K
  class space    used 7817K, capacity 8291K, committed 8320K, reserved 1048576K
}

Deoptimization events (10 events):
Event: 54.528 Thread 0x000000001b0d9000 Uncommon trap: reason=class_check action=maybe_recompile pc=0x00000000038a7dd0 method=org.gradle.internal.logging.text.AbstractLineChoppingStyledTextOutput$StateContext.flushLineText()V @ 110
Event: 54.528 Thread 0x000000001b0d9000 Uncommon trap: reason=class_check action=maybe_recompile pc=0x00000000038a7dd0 method=org.gradle.internal.logging.text.AbstractLineChoppingStyledTextOutput$StateContext.flushLineText()V @ 110
Event: 54.529 Thread 0x000000001b0d9000 Uncommon trap: reason=class_check action=maybe_recompile pc=0x00000000038a7dd0 method=org.gradle.internal.logging.text.AbstractLineChoppingStyledTextOutput$StateContext.flushLineText()V @ 110
Event: 54.699 Thread 0x000000001ad98000 Uncommon trap: reason=unstable_if action=reinterpret pc=0x00000000038cc060 method=com.esotericsoftware.kryo.io.Input.require(I)I @ 117
Event: 54.786 Thread 0x000000001afc2000 Uncommon trap: reason=unstable_if action=reinterpret pc=0x000000000417ef48 method=java.util.HashMap$HashIterator.<init>(Ljava/util/HashMap;)V @ 45
Event: 54.786 Thread 0x000000001afc2000 Uncommon trap: reason=unstable_if action=reinterpret pc=0x00000000044ee18c method=java.util.HashMap$HashIterator.<init>(Ljava/util/HashMap;)V @ 45
Event: 65.481 Thread 0x0000000020823800 Uncommon trap: reason=bimorphic action=maybe_recompile pc=0x0000000003647d64 method=java.io.DataInputStream.readChar()C @ 4
Event: 65.482 Thread 0x0000000020823800 Uncommon trap: reason=bimorphic action=maybe_recompile pc=0x0000000003647d64 method=java.io.DataInputStream.readChar()C @ 4
Event: 65.482 Thread 0x0000000020823800 Uncommon trap: reason=bimorphic action=maybe_recompile pc=0x0000000003647d64 method=java.io.DataInputStream.readChar()C @ 4
Event: 65.483 Thread 0x0000000020823800 Uncommon trap: reason=bimorphic action=maybe_recompile pc=0x0000000003647d64 method=java.io.DataInputStream.readChar()C @ 4

Classes redefined (0 events):
No events

Internal exceptions (10 events):
Event: 54.624 Thread 0x000000001afc2000 Exception <a 'java/lang/NoSuchMethodError': <clinit>> (0x00000000e21c4f10) thrown at [D:\src\AOSP-openjdk-cygwin\jdk8u\hotspot\src\share\vm\prims\jni.cpp, line 1613]
Event: 54.624 Thread 0x000000001afc2000 Exception <a 'java/lang/NoSuchMethodError': <clinit>> (0x00000000e21c7c18) thrown at [D:\src\AOSP-openjdk-cygwin\jdk8u\hotspot\src\share\vm\prims\jni.cpp, line 1613]
Event: 54.626 Thread 0x000000001afc2000 Exception <a 'java/lang/NoSuchMethodError': <clinit>> (0x00000000e21e8348) thrown at [D:\src\AOSP-openjdk-cygwin\jdk8u\hotspot\src\share\vm\prims\jni.cpp, line 1613]
Event: 54.627 Thread 0x000000001afc2000 Exception <a 'java/lang/reflect/InvocationTargetException'> (0x00000000e21fa868) thrown at [D:\src\AOSP-openjdk-cygwin\jdk8u\hotspot\src\share\vm\runtime\reflection.cpp, line 1092]
Event: 54.627 Thread 0x000000001afc2000 Exception <a 'java/lang/reflect/InvocationTargetException'> (0x00000000e21fac60) thrown at [D:\src\AOSP-openjdk-cygwin\jdk8u\hotspot\src\share\vm\runtime\reflection.cpp, line 1092]
Event: 54.629 Thread 0x000000001afc2000 Exception <a 'java/lang/NoSuchMethodError': <clinit>> (0x00000000e222e9b8) thrown at [D:\src\AOSP-openjdk-cygwin\jdk8u\hotspot\src\share\vm\prims\jni.cpp, line 1613]
Event: 54.631 Thread 0x000000001afc2000 Exception <a 'java/lang/NoSuchMethodError': <clinit>> (0x00000000e22fa648) thrown at [D:\src\AOSP-openjdk-cygwin\jdk8u\hotspot\src\share\vm\prims\jni.cpp, line 1613]
Event: 54.631 Thread 0x000000001afc2000 Exception <a 'java/lang/NoSuchMethodError': <clinit>> (0x00000000e22fb8b8) thrown at [D:\src\AOSP-openjdk-cygwin\jdk8u\hotspot\src\share\vm\prims\jni.cpp, line 1613]
Event: 54.634 Thread 0x000000001afc2000 Exception <a 'java/lang/NoSuchMethodError': <clinit>> (0x00000000e2336a30) thrown at [D:\src\AOSP-openjdk-cygwin\jdk8u\hotspot\src\share\vm\prims\jni.cpp, line 1613]
Event: 54.698 Thread 0x000000001ad98000 Exception <a 'java/lang/NoSuchMethodError': <clinit>> (0x00000000e26eb478) thrown at [D:\src\AOSP-openjdk-cygwin\jdk8u\hotspot\src\share\vm\prims\jni.cpp, line 1613]

Events (10 events):
Event: 65.741 Thread 0x0000000020822000 Thread added: 0x0000000020822000
Event: 65.741 Thread 0x000000002082b000 Thread added: 0x000000002082b000
Event: 65.745 Executing VM operation: RevokeBias
Event: 65.746 Executing VM operation: RevokeBias done
Event: 65.746 Executing VM operation: RevokeBias
Event: 65.746 Executing VM operation: RevokeBias done
Event: 65.746 Executing VM operation: RevokeBias
Event: 65.747 Executing VM operation: RevokeBias done
Event: 65.747 Executing VM operation: RevokeBias
Event: 65.747 Executing VM operation: RevokeBias done


Dynamic libraries:
0x00007ff76ec40000 - 0x00007ff76ec71000 	C:\Program Files\Android\Android Studio1\jre\bin\java.exe
0x00007ff8b3180000 - 0x00007ff8b3370000 	C:\windows\SYSTEM32\ntdll.dll
0x00007ff8b16f0000 - 0x00007ff8b17a2000 	C:\windows\System32\KERNEL32.DLL
0x00007ff8b0530000 - 0x00007ff8b07d3000 	C:\windows\System32\KERNELBASE.dll
0x00007ff8b1550000 - 0x00007ff8b15f3000 	C:\windows\System32\ADVAPI32.dll
0x00007ff8b1860000 - 0x00007ff8b18fe000 	C:\windows\System32\msvcrt.dll
0x00007ff8b17c0000 - 0x00007ff8b1857000 	C:\windows\System32\sechost.dll
0x00007ff8b2df0000 - 0x00007ff8b2f10000 	C:\windows\System32\RPCRT4.dll
0x00007ff8b13b0000 - 0x00007ff8b1544000 	C:\windows\System32\USER32.dll
0x00007ff8b03b0000 - 0x00007ff8b03d1000 	C:\windows\System32\win32u.dll
0x00007ff8b19f0000 - 0x00007ff8b1a16000 	C:\windows\System32\GDI32.dll
0x00007ff8b0210000 - 0x00007ff8b03a4000 	C:\windows\System32\gdi32full.dll
0x00007ff8b0440000 - 0x00007ff8b04de000 	C:\windows\System32\msvcp_win.dll
0x00007ff8b0110000 - 0x00007ff8b020a000 	C:\windows\System32\ucrtbase.dll
0x00007ff89b300000 - 0x00007ff89b585000 	C:\windows\WinSxS\amd64_microsoft.windows.common-controls_6595b64144ccf1df_6.0.18362.418_none_e6c6b287130d565d\COMCTL32.dll
0x00007ff8b1e50000 - 0x00007ff8b2186000 	C:\windows\System32\combase.dll
0x00007ff8b0890000 - 0x00007ff8b0910000 	C:\windows\System32\bcryptPrimitives.dll
0x00007ff8b1ad0000 - 0x00007ff8b1afe000 	C:\windows\System32\IMM32.DLL
0x0000000060880000 - 0x0000000060952000 	C:\Program Files\Android\Android Studio1\jre\jre\bin\msvcr100.dll
0x000000005f810000 - 0x0000000060051000 	C:\Program Files\Android\Android Studio1\jre\jre\bin\server\jvm.dll
0x00007ff8b17b0000 - 0x00007ff8b17b8000 	C:\windows\System32\PSAPI.DLL
0x00007ff897200000 - 0x00007ff897209000 	C:\windows\SYSTEM32\WSOCK32.dll
0x00007ff8b2890000 - 0x00007ff8b28ff000 	C:\windows\System32\WS2_32.dll
0x00007ff8ad010000 - 0x00007ff8ad034000 	C:\windows\SYSTEM32\WINMM.dll
0x00007ff8a42e0000 - 0x00007ff8a42ea000 	C:\windows\SYSTEM32\VERSION.dll
0x00007ff8acfe0000 - 0x00007ff8ad00d000 	C:\windows\SYSTEM32\winmmbase.dll
0x00007ff8b04e0000 - 0x00007ff8b052a000 	C:\windows\System32\cfgmgr32.dll
0x00007ff8abec0000 - 0x00007ff8abecf000 	C:\Program Files\Android\Android Studio1\jre\jre\bin\verify.dll
0x00007ff8aa950000 - 0x00007ff8aa979000 	C:\Program Files\Android\Android Studio1\jre\jre\bin\java.dll
0x00007ff8abea0000 - 0x00007ff8abeb6000 	C:\Program Files\Android\Android Studio1\jre\jre\bin\zip.dll
0x00007ff8b2190000 - 0x00007ff8b2875000 	C:\windows\System32\SHELL32.dll
0x00007ff8b1300000 - 0x00007ff8b13a9000 	C:\windows\System32\shcore.dll
0x00007ff8b0a80000 - 0x00007ff8b11ff000 	C:\windows\System32\windows.storage.dll
0x00007ff8b0060000 - 0x00007ff8b007f000 	C:\windows\System32\profapi.dll
0x00007ff8b0080000 - 0x00007ff8b00ca000 	C:\windows\System32\powrprof.dll
0x00007ff8b0050000 - 0x00007ff8b0060000 	C:\windows\System32\UMPDC.dll
0x00007ff8b1c40000 - 0x00007ff8b1c92000 	C:\windows\System32\shlwapi.dll
0x00007ff8b00f0000 - 0x00007ff8b0101000 	C:\windows\System32\kernel.appcore.dll
0x00007ff8b0a60000 - 0x00007ff8b0a77000 	C:\windows\System32\cryptsp.dll
0x00007ff8a9a00000 - 0x00007ff8a9a1a000 	C:\Program Files\Android\Android Studio1\jre\jre\bin\net.dll
0x00007ff8af8c0000 - 0x00007ff8af927000 	C:\windows\system32\mswsock.dll
0x00007ff8a7a40000 - 0x00007ff8a7a51000 	C:\Program Files\Android\Android Studio1\jre\jre\bin\nio.dll
0x00007ff89b7a0000 - 0x00007ff89b7be000 	C:\Users\Administrator\.gradle\native\25\windows-amd64\native-platform.dll
0x00007ff8a99f0000 - 0x00007ff8a99fd000 	C:\Program Files\Android\Android Studio1\jre\jre\bin\management.dll
0x00007ff8af430000 - 0x00007ff8af463000 	C:\windows\system32\rsaenh.dll
0x00007ff8b1200000 - 0x00007ff8b1226000 	C:\windows\System32\bcrypt.dll
0x00007ff8aff40000 - 0x00007ff8aff65000 	C:\windows\SYSTEM32\USERENV.dll
0x00007ff8afa90000 - 0x00007ff8afa9c000 	C:\windows\SYSTEM32\CRYPTBASE.dll
0x00007ff8af5d0000 - 0x00007ff8af60a000 	C:\windows\SYSTEM32\IPHLPAPI.DLL
0x00007ff8b2880000 - 0x00007ff8b2888000 	C:\windows\System32\NSI.dll
0x00007ff89feb0000 - 0x00007ff89fec6000 	C:\windows\SYSTEM32\dhcpcsvc6.DLL
0x00007ff8a01e0000 - 0x00007ff8a01fc000 	C:\windows\SYSTEM32\dhcpcsvc.DLL
0x00007ff8af610000 - 0x00007ff8af6da000 	C:\windows\SYSTEM32\DNSAPI.dll
0x00007ff8a09f0000 - 0x00007ff8a0a14000 	C:\Program Files\Android\Android Studio1\jre\jre\bin\sunec.dll
0x0000000062ca0000 - 0x0000000062cc6000 	C:\Program Files\Bonjour\mdnsNSP.dll
0x00007ff89a950000 - 0x00007ff89a95a000 	C:\Windows\System32\rasadhlp.dll
0x00007ff89fef0000 - 0x00007ff89ff67000 	C:\windows\System32\fwpuclnt.dll
0x00007ff8a9750000 - 0x00007ff8a975b000 	C:\Program Files\Android\Android Studio1\jre\jre\bin\sunmscapi.dll
0x00007ff8b0910000 - 0x00007ff8b0a59000 	C:\windows\System32\CRYPT32.dll
0x00007ff8b00d0000 - 0x00007ff8b00e2000 	C:\windows\System32\MSASN1.dll

VM Arguments:
jvm_args: -Xmx1536m -Dfile.encoding=GBK -Duser.country=CN -Duser.language=zh -Duser.variant 
java_command: org.gradle.launcher.daemon.bootstrap.GradleDaemon 4.6
java_class_path (initial): C:\Users\Administrator\.gradle\wrapper\dists\gradle-4.6-all\bcst21l2brirad8k2ben1letg\gradle-4.6\lib\gradle-launcher-4.6.jar
Launcher Type: SUN_STANDARD

Environment Variables:
PATH=C:\Program Files\NVIDIA GPU Computing Toolkit\CUDA\v10.1\bin;C:\Program Files\NVIDIA GPU Computing Toolkit\CUDA\v10.1\libnvvp;C:\Program Files (x86)\Razer\ChromaBroadcast\bin;C:\Program Files\Razer\ChromaBroadcast\bin;C:\windows\system32;C:\windows;C:\windows\System32\Wbem;C:\windows\System32\WindowsPowerShell\v1.0\;C:\windows\System32\OpenSSH\;C:\Program Files\dotnet\;C:\Program Files\Microsoft SQL Server\130\Tools\Binn\;C:\Users\Administrator\AppData\Local\Microsoft\WindowsApps;C:\Users\Administrator\.dotnet\tools;C:\Program Files (x86)\Intel\Intel(R) Management Engine Components\DAL;C:\Program Files\Intel\Intel(R) Management Engine Components\DAL;C:\Program Files\NVIDIA Corporation\Nsight Compute 2019.1\;C:\Program Files (x86)\NVIDIA Corporation\PhysX\Common;C:\Program Files\NVIDIA GPU Computing Toolkit\CUDA\v10.1\cudnn765\bin;C:\Program Files\Microsoft SQL Server\110\DTS\Binn\;C:\Program Files (x86)\Microsoft SQL Server\110\Tools\Binn\;C:\Program Files\Microsoft SQL Server\110\Tools\Binn\;C:\Program Files (x86)\Microsoft SQL Server\110\Tools\Binn\ManagementStudio\;C:\Program Files (x86)\Microsoft Visual Studio 10.0\Common7\IDE\PrivateAssemblies\;C:\Program Files (x86)\Microsoft SQL Server\110\DTS\Binn\;C:\Users\Administrator\anaconda3;C:\Users\Administrator\anaconda3\Library\mingw-w64\bin;C:\Users\Administrator\anaconda3\Library\usr\bin;C:\Users\Administrator\anaconda3\Library\bin;C:\Users\Administrator\anaconda3\Scripts;C:\Users\Administrator\AppData\Local\Microsoft\WindowsApps
USERNAME=Administrator
OS=Windows_NT
PROCESSOR_IDENTIFIER=Intel64 Family 6 Model 142 Stepping 12, GenuineIntel



---------------  S Y S T E M  ---------------

OS: Windows 10.0 , 64 bit Build 18362 (10.0.18362.329)

CPU:total 8 (initial active 8) (4 cores per cpu, 2 threads per core) family 6 model 142 stepping 12, cmov, cx8, fxsr, mmx, sse, sse2, sse3, ssse3, sse4.1, sse4.2, popcnt, avx, avx2, aes, clmul, erms, 3dnowpref, lzcnt, ht, tsc, tscinvbit, bmi1, bmi2, adx

Memory: 4k page, physical 8230644k(1073228k free), swap 33396468k(5128k free)

vm_info: OpenJDK 64-Bit Server VM (25.152-b06) for windows-amd64 JRE (1.8.0_152-release-1136-b06), built by "builder" with MS VC++ 10.0 (VS2010)

time: Thu May 21 15:18:00 2020
elapsed time: 65 seconds (0d 0h 1m 5s)

